# JRE version: Java(TM) SE Runtime Environment (8.0_111-b14) (build 1.8.0_111-b14)
# Java VM: Java HotSpot(TM) 64-Bit Server VM (25.111-b14 mixed mode bsd-amd64 compressed oops)
Heap:
 PSYoungGen      total 298496K, used 128268K [0x0000000795580000, 0x00000007a8b00000, 0x00000007c0000000)
  eden space 285184K, 40% used [0x0000000795580000,0x000000079c5c91c8,0x00000007a6c00000)
  from space 13312K, 99% used [0x00000007a7e00000,0x00000007a8afa168,0x00000007a8b00000)
  to   space 14848K, 0% used [0x00000007a6e00000,0x00000007a6e00000,0x00000007a7c80000)
 ParOldGen       total 88576K, used 21365K [0x0000000740000000, 0x0000000745680000, 0x0000000795580000)
  object space 88576K, 24% used [0x0000000740000000,0x00000007414dd7f0,0x0000000745680000)
 Metaspace       used 45296K, capacity 45892K, committed 46336K, reserved 1089536K
  class space    used 5881K, capacity 6071K, committed 6144K, reserved 1048576K
GC Heap History (10 events):
Event: 6.434 GC heap before
{Heap before GC invocations=8 (full 1):
 PSYoungGen      total 142848K, used 133120K [0x0000000795580000, 0x000000079eb80000, 0x00000007c0000000)
  eden space 133120K, 100% used [0x0000000795580000,0x000000079d780000,0x000000079d780000)
  from space 9728K, 0% used [0x000000079e200000,0x000000079e200000,0x000000079eb80000)
  to   space 10240K, 0% used [0x000000079d780000,0x000000079d780000,0x000000079e180000)
 ParOldGen       total 61952K, used 11214K [0x0000000740000000, 0x0000000743c80000, 0x0000000795580000)
  object space 61952K, 18% used [0x0000000740000000,0x0000000740af38c8,0x0000000743c80000)
 Metaspace       used 26362K, capacity 26872K, committed 27136K, reserved 1073152K
  class space    used 3389K, capacity 3499K, committed 3584K, reserved 1048576K
Event: 6.453 GC heap after
Heap after GC invocations=8 (full 1):
 PSYoungGen      total 143360K, used 8570K [0x0000000795580000, 0x00000007a3a00000, 0x00000007c0000000)
  eden space 133120K, 0% used [0x0000000795580000,0x0000000795580000,0x000000079d780000)
  from space 10240K, 83% used [0x000000079d780000,0x000000079dfdeac8,0x000000079e180000)
  to   space 10752K, 0% used [0x00000007a2f80000,0x00000007a2f80000,0x00000007a3a00000)
 ParOldGen       total 61952K, used 11222K [0x0000000740000000, 0x0000000743c80000, 0x0000000795580000)
  object space 61952K, 18% used [0x0000000740000000,0x0000000740af58c8,0x0000000743c80000)
 Metaspace       used 26362K, capacity 26872K, committed 27136K, reserved 1073152K
  class space    used 3389K, capacity 3499K, committed 3584K, reserved 1048576K
}
Event: 8.246 GC heap before
{Heap before GC invocations=9 (full 1):
 PSYoungGen      total 143360K, used 141690K [0x0000000795580000, 0x00000007a3a00000, 0x00000007c0000000)
  eden space 133120K, 100% used [0x0000000795580000,0x000000079d780000,0x000000079d780000)
  from space 10240K, 83% used [0x000000079d780000,0x000000079dfdeac8,0x000000079e180000)
  to   space 10752K, 0% used [0x00000007a2f80000,0x00000007a2f80000,0x00000007a3a00000)
 ParOldGen       total 61952K, used 11222K [0x0000000740000000, 0x0000000743c80000, 0x0000000795580000)
  object space 61952K, 18% used [0x0000000740000000,0x0000000740af58c8,0x0000000743c80000)
 Metaspace       used 32523K, capacity 33020K, committed 33280K, reserved 1079296K
  class space    used 4100K, capacity 4241K, committed 4352K, reserved 1048576K
Event: 8.280 GC heap after
Heap after GC invocations=9 (full 1):
 PSYoungGen      total 221184K, used 10739K [0x0000000795580000, 0x00000007a3c80000, 0x00000007c0000000)
  eden space 210432K, 0% used [0x0000000795580000,0x0000000795580000,0x00000007a2300000)
  from space 10752K, 99% used [0x00000007a2f80000,0x00000007a39fcd70,0x00000007a3a00000)
  to   space 12800K, 0% used [0x00000007a2300000,0x00000007a2300000,0x00000007a2f80000)
 ParOldGen       total 61952K, used 12933K [0x0000000740000000, 0x0000000743c80000, 0x0000000795580000)
  object space 61952K, 20% used [0x0000000740000000,0x0000000740ca1440,0x0000000743c80000)
 Metaspace       used 32523K, capacity 33020K, committed 33280K, reserved 1079296K
  class space    used 4100K, capacity 4241K, committed 4352K, reserved 1048576K
}
Event: 8.610 GC heap before
{Heap before GC invocations=10 (full 1):
 PSYoungGen      total 221184K, used 42875K [0x0000000795580000, 0x00000007a3c80000, 0x00000007c0000000)
  eden space 210432K, 15% used [0x0000000795580000,0x00000007974e1ee8,0x00000007a2300000)
  from space 10752K, 99% used [0x00000007a2f80000,0x00000007a39fcd70,0x00000007a3a00000)
  to   space 12800K, 0% used [0x00000007a2300000,0x00000007a2300000,0x00000007a2f80000)
 ParOldGen       total 61952K, used 12933K [0x0000000740000000, 0x0000000743c80000, 0x0000000795580000)
  object space 61952K, 20% used [0x0000000740000000,0x0000000740ca1440,0x0000000743c80000)
 Metaspace       used 34653K, capacity 35164K, committed 35416K, reserved 1081344K
  class space    used 4398K, capacity 4529K, committed 4608K, reserved 1048576K
Event: 8.624 GC heap after
Heap after GC invocations=10 (full 1):
 PSYoungGen      total 223232K, used 10685K [0x0000000795580000, 0x00000007a8b00000, 0x00000007c0000000)
  eden space 210432K, 0% used [0x0000000795580000,0x0000000795580000,0x00000007a2300000)
  from space 12800K, 83% used [0x00000007a2300000,0x00000007a2d6f7e0,0x00000007a2f80000)
  to   space 13312K, 0% used [0x00000007a7e00000,0x00000007a7e00000,0x00000007a8b00000)
 ParOldGen       total 61952K, used 12949K [0x0000000740000000, 0x0000000743c80000, 0x0000000795580000)
  object space 61952K, 20% used [0x0000000740000000,0x0000000740ca5450,0x0000000743c80000)
 Metaspace       used 34653K, capacity 35164K, committed 35416K, reserved 1081344K
  class space    used 4398K, capacity 4529K, committed 4608K, reserved 1048576K
}
Event: 8.624 GC heap before
{Heap before GC invocations=11 (full 2):
 PSYoungGen      total 223232K, used 10685K [0x0000000795580000, 0x00000007a8b00000, 0x00000007c0000000)
  eden space 210432K, 0% used [0x0000000795580000,0x0000000795580000,0x00000007a2300000)
  from space 12800K, 83% used [0x00000007a2300000,0x00000007a2d6f7e0,0x00000007a2f80000)
  to   space 13312K, 0% used [0x00000007a7e00000,0x00000007a7e00000,0x00000007a8b00000)
 ParOldGen       total 61952K, used 12949K [0x0000000740000000, 0x0000000743c80000, 0x0000000795580000)
  object space 61952K, 20% used [0x0000000740000000,0x0000000740ca5450,0x0000000743c80000)
 Metaspace       used 34653K, capacity 35164K, committed 35416K, reserved 1081344K
  class space    used 4398K, capacity 4529K, committed 4608K, reserved 1048576K
Event: 8.696 GC heap after
Heap after GC invocations=11 (full 2):
 PSYoungGen      total 223232K, used 0K [0x0000000795580000, 0x00000007a8b00000, 0x00000007c0000000)
  eden space 210432K, 0% used [0x0000000795580000,0x0000000795580000,0x00000007a2300000)
  from space 12800K, 0% used [0x00000007a2300000,0x00000007a2300000,0x00000007a2f80000)
  to   space 13312K, 0% used [0x00000007a7e00000,0x00000007a7e00000,0x00000007a8b00000)
 ParOldGen       total 88576K, used 20704K [0x0000000740000000, 0x0000000745680000, 0x0000000795580000)
  object space 88576K, 23% used [0x0000000740000000,0x00000007414382e8,0x0000000745680000)
 Metaspace       used 34653K, capacity 35164K, committed 35416K, reserved 1081344K
  class space    used 4398K, capacity 4529K, committed 4608K, reserved 1048576K
}
Event: 11.485 GC heap before
{Heap before GC invocations=12 (full 2):
 PSYoungGen      total 223232K, used 210432K [0x0000000795580000, 0x00000007a8b00000, 0x00000007c0000000)
  eden space 210432K, 100% used [0x0000000795580000,0x00000007a2300000,0x00000007a2300000)
  from space 12800K, 0% used [0x00000007a2300000,0x00000007a2300000,0x00000007a2f80000)
  to   space 13312K, 0% used [0x00000007a7e00000,0x00000007a7e00000,0x00000007a8b00000)
 ParOldGen       total 88576K, used 20704K [0x0000000740000000, 0x0000000745680000, 0x0000000795580000)
  object space 88576K, 23% used [0x0000000740000000,0x00000007414382e8,0x0000000745680000)
 Metaspace       used 43202K, capacity 43806K, committed 44288K, reserved 1087488K
  class space    used 5595K, capacity 5769K, committed 5888K, reserved 1048576K
Event: 11.513 GC heap after
Heap after GC invocations=12 (full 2):
 PSYoungGen      total 298496K, used 13288K [0x0000000795580000, 0x00000007a8b00000, 0x00000007c0000000)
  eden space 285184K, 0% used [0x0000000795580000,0x0000000795580000,0x00000007a6c00000)
  from space 13312K, 99% used [0x00000007a7e00000,0x00000007a8afa168,0x00000007a8b00000)
  to   space 14848K, 0% used [0x00000007a6e00000,0x00000007a6e00000,0x00000007a7c80000)
 ParOldGen       total 88576K, used 21365K [0x0000000740000000, 0x0000000745680000, 0x0000000795580000)
  object space 88576K, 24% used [0x0000000740000000,0x00000007414dd7f0,0x0000000745680000)
 Metaspace       used 43202K, capacity 43806K, committed 44288K, reserved 1087488K
  class space    used 5595K, capacity 5769K, committed 5888K, reserved 1048576K
}

